2025-04-09 14:56:54,108 - INFO - Incoming request to /edit-appraisal-cycle endpoint by user.
2025-04-09 14:56:56,974 - INFO - FastAPI app has started.
2025-04-09 14:56:56,998 - INFO - FastAPI app is shutting down.
2025-04-09 14:56:57,014 - INFO - Incoming request to /edit-appraisal-cycle endpoint by user.
2025-04-09 14:57:02,874 - INFO - Fetched 1 cycle successfully.
2025-04-09 14:57:07,556 - INFO - Incoming request to /edit-appraisal-cycle endpoint by user.
2025-04-09 14:57:07,556 - INFO - Received request to update appraisal cycle: Quarterly Performance Review - Q1
2025-04-09 14:59:17,500 - INFO - Incoming request to /edit-appraisal-cycle endpoint by user.
2025-04-09 14:59:18,675 - INFO - Fetched 1 cycle successfully.
2025-04-09 14:59:18,935 - INFO - Incoming request to /edit-appraisal-cycle endpoint by user.
2025-04-09 14:59:19,923 - INFO - Fetched 1 cycle successfully.
2025-04-09 14:59:25,690 - INFO - Incoming request to /edit-appraisal-cycle endpoint by user.
2025-04-09 14:59:25,690 - INFO - Received request to update appraisal cycle: Quarterly Performance Review - Q1
2025-04-09 15:01:57,707 - INFO - FastAPI app has started.
2025-04-09 15:01:57,731 - INFO - FastAPI app is shutting down.
2025-04-09 15:12:38,204 - INFO - FastAPI app has started.
2025-04-09 15:12:38,227 - INFO - FastAPI app is shutting down.
2025-04-09 15:17:38,634 - INFO - FastAPI app has started.
2025-04-09 15:17:38,657 - INFO - FastAPI app is shutting down.
2025-04-09 15:19:44,980 - INFO - FastAPI app has started.
2025-04-09 15:19:45,003 - INFO - FastAPI app is shutting down.
2025-04-09 15:19:54,318 - INFO - Incoming request to /edit-appraisal-cycle endpoint by user.
2025-04-09 15:19:58,346 - INFO - Fetching appraisal cycles with stage names
2025-04-09 15:20:00,225 - INFO - Fetched 1 cycle successfully.
2025-04-09 15:20:00,512 - INFO - Incoming request to /edit-appraisal-cycle endpoint by user.
2025-04-09 15:20:00,890 - INFO - Fetched 10 appraisal cycles
2025-04-09 15:20:01,168 - INFO - Fetching appraisal cycles with stage names
2025-04-09 15:20:01,631 - INFO - Fetched 1 cycle successfully.
2025-04-09 15:20:01,724 - INFO - Fetched 10 appraisal cycles
2025-04-09 15:20:19,629 - INFO - Incoming request to /edit-appraisal-cycle endpoint by user.
2025-04-09 15:20:20,731 - INFO - Fetched 1 cycle successfully.
2025-04-09 15:20:21,054 - INFO - Incoming request to /edit-appraisal-cycle endpoint by user.
2025-04-09 15:20:22,152 - INFO - Fetched 1 cycle successfully.
2025-04-09 15:20:48,417 - INFO - Incoming request to /edit-appraisal-cycle endpoint by user.
2025-04-09 15:20:48,417 - INFO - Received request to update appraisal cycle: Parth Updated
2025-04-09 15:24:45,638 - INFO - FastAPI app has started.
2025-04-09 15:24:45,660 - INFO - FastAPI app is shutting down.
2025-04-09 15:25:11,133 - INFO - FastAPI app has started.
2025-04-09 15:25:11,157 - INFO - FastAPI app is shutting down.
2025-04-09 15:25:21,569 - INFO - Incoming request to /edit-appraisal-cycle endpoint by user.
2025-04-09 15:25:21,569 - INFO - Received request to update appraisal cycle: Parth Updated
2025-04-09 15:25:35,727 - INFO - Incoming request to /edit-appraisal-cycle endpoint by user.
2025-04-09 15:25:36,891 - INFO - Fetched 1 cycle successfully.
2025-04-09 15:25:37,173 - INFO - Incoming request to /edit-appraisal-cycle endpoint by user.
2025-04-09 15:25:38,303 - INFO - Fetched 1 cycle successfully.
2025-04-09 15:25:38,387 - INFO - Fetching appraisal cycles with stage names
2025-04-09 15:25:41,478 - INFO - Fetched 10 appraisal cycles
2025-04-09 15:25:41,745 - INFO - Fetching appraisal cycles with stage names
2025-04-09 15:25:42,290 - INFO - Fetched 10 appraisal cycles
2025-04-09 15:25:45,547 - INFO - Incoming request to /edit-appraisal-cycle endpoint by user.
2025-04-09 15:25:46,659 - INFO - Fetched 1 cycle successfully.
2025-04-09 15:25:46,929 - INFO - Incoming request to /edit-appraisal-cycle endpoint by user.
2025-04-09 15:25:48,018 - INFO - Fetched 1 cycle successfully.
2025-04-09 15:25:57,184 - INFO - Incoming request to /edit-appraisal-cycle endpoint by user.
2025-04-09 15:25:57,184 - INFO - Received request to update appraisal cycle: Parth
2025-04-09 15:28:58,123 - INFO - FastAPI app has started.
2025-04-09 15:28:58,147 - INFO - FastAPI app is shutting down.
2025-04-09 15:29:17,012 - INFO - Fetching appraisal cycles with stage names
2025-04-09 15:29:22,321 - INFO - Fetched 10 appraisal cycles
2025-04-09 15:29:22,597 - INFO - Fetching appraisal cycles with stage names
2025-04-09 15:29:23,135 - INFO - Fetched 10 appraisal cycles
2025-04-09 15:30:16,277 - INFO - Fetching appraisal cycles with stage names
2025-04-09 15:30:16,849 - INFO - Fetched 10 appraisal cycles
2025-04-09 15:30:17,120 - INFO - Fetching appraisal cycles with stage names
2025-04-09 15:30:17,652 - INFO - Fetched 10 appraisal cycles
2025-04-09 15:30:41,457 - INFO - Incoming request to /edit-appraisal-cycle endpoint by user.
2025-04-09 15:30:42,654 - INFO - Fetched 1 cycle successfully.
2025-04-09 15:30:42,941 - INFO - Incoming request to /edit-appraisal-cycle endpoint by user.
2025-04-09 15:30:44,010 - INFO - Fetched 1 cycle successfully.
2025-04-09 15:31:56,150 - INFO - Fetching appraisal cycles with stage names
2025-04-09 15:31:56,718 - INFO - Fetched 10 appraisal cycles
2025-04-09 15:31:56,990 - INFO - Fetching appraisal cycles with stage names
2025-04-09 15:31:57,528 - INFO - Fetched 10 appraisal cycles
2025-04-09 15:32:46,202 - INFO - Incoming request to /edit-appraisal-cycle endpoint by user.
2025-04-09 15:32:47,581 - INFO - Incoming request to /edit-appraisal-cycle endpoint by user.
2025-04-09 15:33:18,536 - INFO - Fetching appraisal cycles with stage names
2025-04-09 15:33:19,072 - INFO - Fetched 10 appraisal cycles
2025-04-09 15:33:19,347 - INFO - Fetching appraisal cycles with stage names
2025-04-09 15:33:19,884 - INFO - Fetched 10 appraisal cycles
2025-04-09 15:33:23,641 - INFO - Incoming request to /edit-appraisal-cycle endpoint by user.
2025-04-09 15:33:24,804 - INFO - Fetched 1 cycle successfully.
2025-04-09 15:33:25,079 - INFO - Incoming request to /edit-appraisal-cycle endpoint by user.
2025-04-09 15:33:26,246 - INFO - Fetched 1 cycle successfully.
2025-04-09 15:34:04,368 - INFO - Fetching appraisal cycles with stage names
2025-04-09 15:34:04,915 - INFO - Fetched 10 appraisal cycles
2025-04-09 15:34:05,205 - INFO - Fetching appraisal cycles with stage names
2025-04-09 15:34:05,736 - INFO - Fetched 10 appraisal cycles
2025-04-09 15:34:17,937 - INFO - Incoming request to /edit-appraisal-cycle endpoint by user.
2025-04-09 15:34:19,010 - INFO - Fetched 1 cycle successfully.
2025-04-09 15:34:19,279 - INFO - Incoming request to /edit-appraisal-cycle endpoint by user.
2025-04-09 15:34:20,348 - INFO - Fetched 1 cycle successfully.
2025-04-09 15:34:48,371 - INFO - Incoming request to /edit-appraisal-cycle endpoint by user.
2025-04-09 15:34:48,371 - INFO - Received request to update appraisal cycle: Winter appraisal cycle
2025-04-09 15:37:45,625 - INFO - Incoming request to /edit-appraisal-cycle endpoint by user.
2025-04-09 15:37:46,906 - INFO - Fetched 1 cycle successfully.
2025-04-09 16:07:34,458 - INFO - Fetching appraisal cycles with stage names
2025-04-09 16:07:35,083 - INFO - Fetched 9 appraisal cycles
2025-04-09 16:07:38,094 - INFO - FastAPI app has started.
2025-04-09 16:07:38,120 - INFO - FastAPI app is shutting down.
2025-04-09 16:07:38,136 - INFO - Fetching appraisal cycles with stage names
2025-04-09 16:07:42,882 - INFO - Incoming request to /edit-appraisal-cycle endpoint by user.
2025-04-09 16:07:43,093 - INFO - Fetched 9 appraisal cycles
2025-04-09 16:07:45,976 - INFO - Fetched 1 cycle successfully.
2025-04-09 16:07:46,259 - INFO - Incoming request to /edit-appraisal-cycle endpoint by user.
2025-04-09 16:07:47,340 - INFO - Fetched 1 cycle successfully.
2025-04-09 16:08:18,959 - INFO - Incoming request to /edit-appraisal-cycle endpoint by user.
2025-04-09 16:08:18,959 - INFO - Received request to update appraisal cycle: Parth 
2025-04-09 16:09:41,382 - INFO - Fetching appraisal cycles with stage names
2025-04-09 16:09:41,921 - INFO - Fetched 10 appraisal cycles
2025-04-09 16:09:42,192 - INFO - Fetching appraisal cycles with stage names
2025-04-09 16:09:42,753 - INFO - Fetched 10 appraisal cycles
2025-04-09 16:09:53,590 - INFO - Incoming request to /edit-appraisal-cycle endpoint by user.
2025-04-09 16:09:54,950 - INFO - Incoming request to /edit-appraisal-cycle endpoint by user.
2025-04-09 16:10:10,544 - INFO - Fetching appraisal cycles with stage names
2025-04-09 16:10:11,084 - INFO - Fetched 10 appraisal cycles
2025-04-09 16:10:11,357 - INFO - Fetching appraisal cycles with stage names
2025-04-09 16:10:11,920 - INFO - Fetched 10 appraisal cycles
2025-04-09 16:10:13,684 - INFO - Incoming request to /edit-appraisal-cycle endpoint by user.
2025-04-09 16:10:14,766 - INFO - Fetched 1 cycle successfully.
2025-04-09 16:10:15,037 - INFO - Incoming request to /edit-appraisal-cycle endpoint by user.
2025-04-09 16:10:16,151 - INFO - Fetched 1 cycle successfully.
2025-04-09 16:10:37,543 - INFO - Incoming request to /edit-appraisal-cycle endpoint by user.
2025-04-09 16:10:37,543 - INFO - Received request to update appraisal cycle: Winter appraisal cycle
2025-04-09 16:10:40,098 - INFO - Cycle with ID 59 updated successfully.
2025-04-09 16:11:20,438 - INFO - Fetching appraisal cycles with stage names
2025-04-09 16:11:20,943 - INFO - Fetched 10 appraisal cycles
2025-04-09 16:11:21,210 - INFO - Fetching appraisal cycles with stage names
2025-04-09 16:11:21,744 - INFO - Fetched 10 appraisal cycles
2025-04-09 16:11:28,556 - INFO - Incoming request to /edit-appraisal-cycle endpoint by user.
2025-04-09 16:11:29,568 - INFO - Fetched 1 cycle successfully.
2025-04-09 16:11:29,826 - INFO - Incoming request to /edit-appraisal-cycle endpoint by user.
2025-04-09 16:11:30,871 - INFO - Fetched 1 cycle successfully.
2025-04-09 16:11:33,762 - INFO - Fetching appraisal cycles with stage names
2025-04-09 16:11:34,263 - INFO - Fetched 10 appraisal cycles
2025-04-09 16:11:34,525 - INFO - Fetching appraisal cycles with stage names
2025-04-09 16:11:35,048 - INFO - Fetched 10 appraisal cycles
2025-04-09 16:13:20,069 - INFO - Incoming request to /edit-appraisal-cycle endpoint by user.
2025-04-09 16:13:21,073 - INFO - Fetched 1 cycle successfully.
2025-04-09 16:13:21,329 - INFO - Incoming request to /edit-appraisal-cycle endpoint by user.
2025-04-09 16:13:22,369 - INFO - Fetched 1 cycle successfully.
2025-04-09 16:13:25,429 - INFO - Incoming request to /edit-appraisal-cycle endpoint by user.
2025-04-09 16:13:25,429 - INFO - Received request to update appraisal cycle: 2025 Q1 Review
2025-04-09 16:13:27,478 - INFO - Cycle with ID 53 updated successfully.
2025-04-09 16:13:35,760 - INFO - Fetching appraisal cycles with stage names
2025-04-09 16:13:36,260 - INFO - Fetched 11 appraisal cycles
2025-04-09 16:13:36,529 - INFO - Fetching appraisal cycles with stage names
2025-04-09 16:13:37,051 - INFO - Fetched 11 appraisal cycles
2025-04-09 16:13:44,671 - INFO - Incoming request to /edit-appraisal-cycle endpoint by user.
2025-04-09 16:13:45,672 - INFO - Fetched 1 cycle successfully.
2025-04-09 16:13:45,929 - INFO - Incoming request to /edit-appraisal-cycle endpoint by user.
2025-04-09 16:13:46,966 - INFO - Fetched 1 cycle successfully.
2025-04-09 16:13:54,612 - INFO - Incoming request to /edit-appraisal-cycle endpoint by user.
2025-04-09 16:13:54,613 - INFO - Received request to update appraisal cycle: 2025 Q1 Review
2025-04-09 16:13:56,648 - INFO - Cycle with ID 53 updated successfully.
2025-04-09 16:14:05,391 - INFO - Fetching appraisal cycles with stage names
2025-04-09 16:14:05,892 - INFO - Fetched 11 appraisal cycles
2025-04-09 16:14:06,148 - INFO - Fetching appraisal cycles with stage names
2025-04-09 16:14:06,669 - INFO - Fetched 11 appraisal cycles
2025-04-09 16:15:44,165 - INFO - Incoming request to /edit-appraisal-cycle endpoint by user.
2025-04-09 16:15:45,239 - INFO - Fetched 1 cycle successfully.
2025-04-09 16:15:45,505 - INFO - Incoming request to /edit-appraisal-cycle endpoint by user.
2025-04-09 16:15:46,624 - INFO - Fetched 1 cycle successfully.
2025-04-09 16:16:02,216 - INFO - Fetching appraisal cycles with stage names
2025-04-09 16:16:02,734 - INFO - Fetched 12 appraisal cycles
2025-04-09 16:16:02,988 - INFO - Fetching appraisal cycles with stage names
2025-04-09 16:16:03,510 - INFO - Fetched 12 appraisal cycles
2025-04-09 16:24:49,346 - INFO - Fetching appraisal cycles with stage names
2025-04-09 16:24:49,850 - INFO - Fetched 13 appraisal cycles
2025-04-09 16:24:50,127 - INFO - Fetching appraisal cycles with stage names
2025-04-09 16:24:50,650 - INFO - Fetched 13 appraisal cycles
2025-04-09 16:25:04,528 - INFO - Incoming request to /edit-appraisal-cycle endpoint by user.
2025-04-09 16:25:05,532 - INFO - Fetched 1 cycle successfully.
2025-04-09 16:25:05,787 - INFO - Incoming request to /edit-appraisal-cycle endpoint by user.
2025-04-09 16:25:06,842 - INFO - Fetched 1 cycle successfully.
2025-04-09 16:32:51,179 - INFO - Fetching appraisal cycles with stage names
2025-04-09 16:32:51,822 - INFO - Fetched 13 appraisal cycles
2025-04-09 16:32:52,104 - INFO - Fetching appraisal cycles with stage names
2025-04-09 16:32:52,614 - INFO - Fetched 13 appraisal cycles
2025-04-09 16:32:59,194 - INFO - Incoming request to /edit-appraisal-cycle endpoint by user.
2025-04-09 16:33:00,454 - INFO - Fetched 1 cycle successfully.
2025-04-09 16:33:00,720 - INFO - Incoming request to /edit-appraisal-cycle endpoint by user.
2025-04-09 16:33:01,828 - INFO - Fetched 1 cycle successfully.
2025-04-09 16:33:15,402 - INFO - Fetching appraisal cycles with stage names
2025-04-09 16:33:15,932 - INFO - Fetched 13 appraisal cycles
2025-04-09 16:33:16,196 - INFO - Fetching appraisal cycles with stage names
2025-04-09 16:33:16,701 - INFO - Fetched 13 appraisal cycles
2025-04-09 16:34:10,657 - INFO - Incoming request to /edit-appraisal-cycle endpoint by user.
2025-04-09 16:34:11,689 - INFO - Fetched 1 cycle successfully.
2025-04-09 16:34:11,952 - INFO - Incoming request to /edit-appraisal-cycle endpoint by user.
2025-04-09 16:34:12,989 - INFO - Fetched 1 cycle successfully.
2025-04-09 16:34:15,285 - INFO - Fetching appraisal cycles with stage names
2025-04-09 16:34:15,829 - INFO - Fetched 13 appraisal cycles
2025-04-09 16:34:16,092 - INFO - Fetching appraisal cycles with stage names
2025-04-09 16:34:16,600 - INFO - Fetched 13 appraisal cycles
2025-04-09 16:34:44,953 - INFO - Incoming request to /edit-appraisal-cycle endpoint by user.
2025-04-09 16:34:46,080 - INFO - Fetched 1 cycle successfully.
2025-04-09 16:34:46,445 - INFO - Incoming request to /edit-appraisal-cycle endpoint by user.
2025-04-09 16:34:47,560 - INFO - Fetched 1 cycle successfully.
2025-04-09 16:34:53,493 - INFO - Fetching appraisal cycles with stage names
2025-04-09 16:34:54,037 - INFO - Fetched 13 appraisal cycles
2025-04-09 16:34:54,315 - INFO - Fetching appraisal cycles with stage names
2025-04-09 16:34:54,821 - INFO - Fetched 13 appraisal cycles
2025-04-09 16:35:06,929 - INFO - Incoming request to /edit-appraisal-cycle endpoint by user.
2025-04-09 16:35:07,967 - INFO - Fetched 1 cycle successfully.
2025-04-09 16:35:08,252 - INFO - Incoming request to /edit-appraisal-cycle endpoint by user.
2025-04-09 16:35:09,262 - INFO - Fetched 1 cycle successfully.
2025-04-09 16:35:28,342 - INFO - Incoming request to /edit-appraisal-cycle endpoint by user.
2025-04-09 16:35:28,342 - INFO - Received request to update appraisal cycle: Demo Success
2025-04-09 16:35:31,145 - INFO - Cycle with ID 63 updated successfully.
2025-04-09 16:35:49,024 - INFO - Fetching appraisal cycles with stage names
2025-04-09 16:35:49,536 - INFO - Fetched 13 appraisal cycles
2025-04-09 16:35:49,931 - INFO - Fetching appraisal cycles with stage names
2025-04-09 16:35:50,439 - INFO - Fetched 13 appraisal cycles
2025-04-09 16:35:58,836 - INFO - Incoming request to /edit-appraisal-cycle endpoint by user.
2025-04-09 16:35:59,902 - INFO - Fetched 1 cycle successfully.
2025-04-09 16:36:00,164 - INFO - Incoming request to /edit-appraisal-cycle endpoint by user.
2025-04-09 16:36:01,177 - INFO - Fetched 1 cycle successfully.
2025-04-09 16:36:10,761 - INFO - Incoming request to /edit-appraisal-cycle endpoint by user.
2025-04-09 16:36:10,762 - INFO - Received request to update appraisal cycle: Demo Success 2
2025-04-09 16:36:13,349 - INFO - Cycle with ID 63 updated successfully.
2025-04-09 16:36:19,490 - INFO - Fetching appraisal cycles with stage names
2025-04-09 16:36:20,024 - INFO - Fetched 13 appraisal cycles
2025-04-09 16:36:20,306 - INFO - Fetching appraisal cycles with stage names
2025-04-09 16:36:20,812 - INFO - Fetched 13 appraisal cycles
2025-04-09 16:39:35,469 - INFO - Incoming request to /edit-appraisal-cycle endpoint by user.
2025-04-09 16:39:36,496 - INFO - Fetched 1 cycle successfully.
2025-04-09 16:39:36,757 - INFO - Incoming request to /edit-appraisal-cycle endpoint by user.
2025-04-09 16:39:37,869 - INFO - Fetched 1 cycle successfully.
2025-04-09 16:39:47,755 - INFO - Fetching appraisal cycles with stage names
2025-04-09 16:39:48,286 - INFO - Fetched 13 appraisal cycles
2025-04-09 16:39:48,549 - INFO - Fetching appraisal cycles with stage names
2025-04-09 16:39:49,058 - INFO - Fetched 13 appraisal cycles
2025-04-09 16:39:56,688 - INFO - Incoming request to /edit-appraisal-cycle endpoint by user.
2025-04-09 16:39:58,144 - INFO - Fetched 1 cycle successfully.
2025-04-09 16:39:58,406 - INFO - Incoming request to /edit-appraisal-cycle endpoint by user.
2025-04-09 16:39:59,419 - INFO - Fetched 1 cycle successfully.
2025-04-09 16:41:40,475 - INFO - Incoming request to /edit-appraisal-cycle endpoint by user.
2025-04-09 16:41:40,475 - INFO - Received request to update appraisal cycle: Demo Fix
2025-04-09 16:41:43,111 - INFO - Cycle with ID 64 updated successfully.
2025-04-09 16:44:34,764 - INFO - Fetching appraisal cycles with stage names
2025-04-09 16:44:35,365 - INFO - Fetched 13 appraisal cycles
2025-04-09 16:44:35,623 - INFO - Fetching appraisal cycles with stage names
2025-04-09 16:44:36,130 - INFO - Fetched 13 appraisal cycles
2025-04-09 16:50:44,882 - INFO - Fetching appraisal cycles with stage names
2025-04-09 16:50:45,553 - INFO - Fetched 13 appraisal cycles
2025-04-09 16:50:45,849 - INFO - Fetching appraisal cycles with stage names
2025-04-09 16:50:46,366 - INFO - Fetched 13 appraisal cycles
2025-04-09 16:52:23,025 - INFO - Fetching appraisal cycles with stage names
2025-04-09 16:52:23,628 - INFO - Fetched 13 appraisal cycles
2025-04-09 16:52:23,894 - INFO - Fetching appraisal cycles with stage names
2025-04-09 16:52:24,410 - INFO - Fetched 13 appraisal cycles
2025-04-09 17:12:01,459 - INFO - FastAPI app has started.
2025-04-09 17:12:01,509 - INFO - FastAPI app is shutting down.
2025-04-09 17:13:07,817 - INFO - Fetching appraisal cycles with stage names
2025-04-09 17:13:08,425 - INFO - Fetched 13 appraisal cycles
2025-04-09 17:13:08,685 - INFO - Fetching appraisal cycles with stage names
2025-04-09 17:13:09,183 - INFO - Fetched 13 appraisal cycles
2025-04-09 17:17:59,090 - INFO - Fetching appraisal cycles with stage names
2025-04-09 17:18:01,724 - INFO - Fetched 13 appraisal cycles
2025-04-09 17:18:01,986 - INFO - Fetching appraisal cycles with stage names
2025-04-09 17:18:02,483 - INFO - Fetched 13 appraisal cycles
2025-04-09 17:20:59,279 - INFO - Fetching appraisal cycles with stage names
2025-04-09 17:20:59,798 - INFO - Fetched 13 appraisal cycles
2025-04-09 17:21:00,060 - INFO - Fetching appraisal cycles with stage names
2025-04-09 17:21:00,559 - INFO - Fetched 13 appraisal cycles
2025-04-09 17:21:32,232 - INFO - Fetching appraisal cycles with stage names
2025-04-09 17:21:32,769 - INFO - Fetched 13 appraisal cycles
2025-04-09 17:21:33,031 - INFO - Fetching appraisal cycles with stage names
2025-04-09 17:21:33,528 - INFO - Fetched 13 appraisal cycles
2025-04-09 19:36:53,137 - INFO - FastAPI app has started.
2025-04-09 19:36:53,151 - INFO - FastAPI app is shutting down.
2025-04-09 19:37:19,331 - INFO - Fetching appraisal cycles with stage names
2025-04-09 19:37:19,980 - INFO - Fetched 13 appraisal cycles
2025-04-09 19:37:20,309 - INFO - Fetching appraisal cycles with stage names
2025-04-09 19:37:20,954 - INFO - Fetched 13 appraisal cycles
2025-04-09 20:07:54,396 - INFO - FastAPI app has started.
2025-04-09 20:07:54,411 - INFO - FastAPI app is shutting down.
2025-04-09 20:14:29,192 - INFO - Fetching appraisal cycles with stage names
2025-04-09 20:14:29,841 - INFO - Fetched 13 appraisal cycles
2025-04-09 20:14:30,165 - INFO - Fetching appraisal cycles with stage names
2025-04-09 20:14:30,798 - INFO - Fetched 13 appraisal cycles
2025-04-09 20:15:12,665 - INFO - Fetching appraisal cycles with stage names
2025-04-09 20:15:13,308 - INFO - Fetched 13 appraisal cycles
2025-04-09 20:15:13,632 - INFO - Fetching appraisal cycles with stage names
2025-04-09 20:15:14,275 - INFO - Fetched 13 appraisal cycles
2025-04-09 20:18:52,169 - INFO - Fetching appraisal cycles with stage names
2025-04-09 20:18:52,807 - INFO - Fetched 14 appraisal cycles
2025-04-09 20:18:53,128 - INFO - Fetching appraisal cycles with stage names
2025-04-09 20:18:53,757 - INFO - Fetched 14 appraisal cycles
2025-04-09 20:19:14,780 - INFO - Incoming request to /question endpoint by user.
2025-04-09 20:19:14,781 - INFO - Fetching all questions from the database.
2025-04-09 20:19:15,569 - INFO - Fetched 15 questions successfully.
2025-04-09 20:19:20,705 - INFO - Incoming request to /question endpoint by user.
2025-04-09 20:19:20,705 - INFO - Fetching all questions from the database.
2025-04-09 20:19:21,347 - INFO - Fetched 15 questions successfully.
2025-04-09 21:07:36,291 - INFO - FastAPI app has started.
2025-04-09 21:07:36,318 - INFO - FastAPI app is shutting down.
2025-04-09 21:08:11,341 - INFO - Fetching appraisal cycles with stage names
2025-04-09 21:08:11,812 - INFO - Fetched 14 appraisal cycles
2025-04-09 21:08:12,049 - INFO - Fetching appraisal cycles with stage names
2025-04-09 21:08:12,507 - INFO - Fetched 14 appraisal cycles
2025-04-09 21:13:07,704 - INFO - Fetching appraisal cycles with stage names
2025-04-09 21:13:08,318 - INFO - Fetched 14 appraisal cycles
2025-04-09 21:13:08,555 - INFO - Fetching appraisal cycles with stage names
2025-04-09 21:13:09,016 - INFO - Fetched 14 appraisal cycles
2025-04-09 21:14:35,586 - INFO - Fetching appraisal cycles with stage names
2025-04-09 21:14:36,181 - INFO - Fetched 14 appraisal cycles
2025-04-09 21:14:36,415 - INFO - Fetching appraisal cycles with stage names
2025-04-09 21:14:36,876 - INFO - Fetched 14 appraisal cycles
2025-04-09 21:33:35,943 - INFO - FastAPI app has started.
2025-04-09 21:33:35,971 - INFO - FastAPI app is shutting down.
2025-04-09 21:34:07,637 - INFO - FastAPI app has started.
2025-04-09 21:34:07,669 - INFO - FastAPI app is shutting down.
2025-04-09 21:35:32,623 - INFO - FastAPI app has started.
2025-04-09 21:35:32,649 - INFO - FastAPI app is shutting down.
2025-04-09 21:35:43,871 - INFO - Incoming request to get /self-assessment-report endpoint by user.
2025-04-09 21:35:48,382 - INFO - Fetched 1 cycle successfully.
2025-04-09 21:50:49,531 - INFO - FastAPI app has started.
2025-04-09 21:50:49,556 - INFO - FastAPI app is shutting down.
2025-04-09 21:50:58,820 - INFO - Incoming request to get /self-assessment-report endpoint by user.
2025-04-09 21:51:03,121 - INFO - Fetched 1 cycle successfully.
2025-04-09 23:04:28,277 - INFO - FastAPI app has started.
2025-04-09 23:04:28,317 - INFO - FastAPI app is shutting down.
2025-04-09 23:04:52,521 - INFO - Fetching appraisal cycles with stage names
2025-04-09 23:04:53,170 - INFO - Fetched 14 appraisal cycles
2025-04-09 23:04:53,415 - INFO - Fetching appraisal cycles with stage names
2025-04-09 23:04:53,889 - INFO - Fetched 14 appraisal cycles
2025-04-09 23:10:27,948 - INFO - Fetching appraisal cycles with stage names
2025-04-09 23:10:28,545 - INFO - Fetched 14 appraisal cycles
2025-04-09 23:10:28,784 - INFO - Fetching appraisal cycles with stage names
2025-04-09 23:10:29,267 - INFO - Fetched 14 appraisal cycles
2025-04-09 23:32:48,370 - INFO - Incoming request to get /self-assessment-report endpoint by user.
2025-04-09 23:32:48,912 - INFO - Fetched 1 cycle successfully.
2025-04-09 23:32:59,380 - INFO - Incoming request to get /self-assessment-report endpoint by user.
2025-04-09 23:32:59,936 - ERROR - No responses found in the database.
2025-04-09 23:33:09,640 - INFO - Incoming request to get /self-assessment-report endpoint by user.
2025-04-09 23:33:10,107 - INFO - Fetched 1 cycle successfully.
2025-04-09 23:33:15,001 - INFO - Incoming request to get /self-assessment-report endpoint by user.
2025-04-09 23:33:15,471 - ERROR - No responses found in the database.
2025-04-09 23:33:30,285 - INFO - Incoming request to get /self-assessment-report endpoint by user.
2025-04-09 23:33:30,863 - ERROR - No responses found in the database.
2025-04-09 23:33:38,119 - INFO - Incoming request to get /self-assessment-report endpoint by user.
2025-04-09 23:33:38,585 - ERROR - No responses found in the database.
2025-04-09 23:33:47,242 - INFO - Incoming request to get /self-assessment-report endpoint by user.
2025-04-09 23:33:47,757 - ERROR - No responses found in the database.
2025-04-09 23:34:00,830 - INFO - Incoming request to get /self-assessment-report endpoint by user.
2025-04-09 23:34:01,455 - ERROR - No responses found in the database.
2025-04-09 23:34:12,145 - INFO - Incoming request to get /self-assessment-report endpoint by user.
2025-04-09 23:34:12,748 - INFO - Fetched 1 cycle successfully.
2025-04-10 00:53:56,133 - INFO - Incoming request to get /self-assessment-report endpoint by user.
2025-04-10 00:58:50,019 - INFO - Incoming request to get /self-assessment-report endpoint by user.
2025-04-10 00:58:50,693 - ERROR - No responses found in the database.
2025-04-10 00:58:58,322 - INFO - Incoming request to get /self-assessment-report endpoint by user.
2025-04-10 00:58:58,928 - INFO - Fetched 1 cycle successfully.
2025-04-10 01:00:27,041 - INFO - Incoming request to get /self-assessment-report endpoint by user.
2025-04-10 01:00:27,669 - INFO - Fetched 1 cycle successfully.
2025-04-10 01:01:27,033 - INFO - Fetching appraisal cycles with stage names
2025-04-10 01:01:27,623 - INFO - Fetched 14 appraisal cycles
2025-04-10 01:01:27,861 - INFO - Fetching appraisal cycles with stage names
2025-04-10 01:01:28,319 - INFO - Fetched 14 appraisal cycles
2025-04-10 01:01:32,585 - INFO - Incoming request to /question endpoint by user.
2025-04-10 01:01:32,593 - INFO - Fetching all questions from the database.
2025-04-10 01:01:35,214 - INFO - Fetched 15 questions successfully.
2025-04-10 01:01:39,038 - INFO - Incoming request to /question endpoint by user.
2025-04-10 01:01:39,038 - INFO - Fetching all questions from the database.
2025-04-10 01:01:39,510 - INFO - Fetched 15 questions successfully.
2025-04-10 01:05:11,014 - INFO - Incoming request to /question endpoint by user.
2025-04-10 01:05:11,014 - INFO - Fetching all questions from the database.
2025-04-10 01:05:11,470 - INFO - Fetched 15 questions successfully.
2025-04-10 01:05:15,432 - INFO - Incoming request to /question endpoint by user.
2025-04-10 01:05:15,432 - INFO - Fetching all questions from the database.
2025-04-10 01:05:15,908 - INFO - Fetched 15 questions successfully.
2025-04-10 01:07:52,907 - INFO - Incoming request to /question endpoint by user.
2025-04-10 01:07:52,908 - INFO - Fetching all questions from the database.
2025-04-10 01:07:53,369 - INFO - Fetched 15 questions successfully.
2025-04-10 01:07:57,132 - INFO - Incoming request to /question endpoint by user.
2025-04-10 01:07:57,132 - INFO - Fetching all questions from the database.
2025-04-10 01:07:57,596 - INFO - Fetched 15 questions successfully.
2025-04-10 01:27:36,780 - INFO - Incoming request to get /self-assessment-report endpoint by user.
2025-04-10 01:30:26,757 - INFO - Fetching appraisal cycles with stage names
2025-04-10 01:30:29,123 - INFO - Fetched 14 appraisal cycles
2025-04-10 01:30:29,447 - INFO - Fetching appraisal cycles with stage names
2025-04-10 01:30:32,430 - INFO - Fetched 14 appraisal cycles
2025-04-10 01:30:32,791 - INFO - Incoming request to get /self-assessment-report endpoint by user.
2025-04-10 01:30:33,253 - INFO - Fetched 1 cycle successfully.
2025-04-10 01:40:45,324 - INFO - Incoming request to get /self-assessment-report endpoint by user.
2025-04-10 01:40:46,011 - INFO - Fetched 1 cycle successfully.
2025-04-10 01:43:05,041 - INFO - Incoming request to get /self-assessment-report endpoint by user.
2025-04-10 01:43:05,523 - INFO - Fetched 1 cycle successfully.
2025-04-10 02:03:39,130 - INFO - Incoming request to get /self-assessment-report endpoint by user.
2025-04-10 02:03:39,905 - INFO - Fetched 1 cycle successfully.
2025-04-10 02:03:42,170 - INFO - Incoming request to get /self-assessment-report endpoint by user.
2025-04-10 02:03:42,619 - INFO - Fetched 1 cycle successfully.
2025-04-10 02:37:52,171 - INFO - FastAPI app has started.
2025-04-10 02:37:52,184 - INFO - FastAPI app is shutting down.
2025-04-10 02:37:52,785 - INFO - Incoming request to get /self-assessment-report endpoint by user.
2025-04-10 02:38:21,244 - INFO - Incoming request to get /self-assessment-report endpoint by user.
2025-04-10 02:39:58,697 - INFO - FastAPI app has started.
2025-04-10 02:39:58,710 - INFO - FastAPI app is shutting down.
2025-04-10 02:40:04,814 - INFO - Incoming request to get /self-assessment-report endpoint by user.
2025-04-10 02:40:09,010 - INFO - Fetched 1 cycle successfully.
2025-04-10 02:42:39,893 - INFO - FastAPI app has started.
2025-04-10 02:42:39,906 - INFO - FastAPI app is shutting down.
2025-04-10 02:42:45,868 - INFO - Incoming request to get /self-assessment-report endpoint by user.
2025-04-10 02:42:50,147 - INFO - Fetched 1 cycle successfully.
2025-04-10 02:43:18,424 - INFO - Fetching appraisal cycles with stage names
2025-04-10 02:43:18,884 - INFO - Fetched 14 appraisal cycles
2025-04-10 02:43:19,111 - INFO - Fetching appraisal cycles with stage names
2025-04-10 02:43:19,560 - INFO - Fetched 14 appraisal cycles
2025-04-10 02:43:24,460 - INFO - Incoming request to get /self-assessment-report endpoint by user.
2025-04-10 02:43:24,910 - INFO - Fetched 1 cycle successfully.
2025-04-10 02:44:35,787 - INFO - Incoming request to get /self-assessment-report endpoint by user.
2025-04-10 02:44:36,236 - INFO - Fetched 1 cycle successfully.
2025-04-10 02:44:44,335 - INFO - Incoming request to get /self-assessment-report endpoint by user.
2025-04-10 02:44:44,786 - INFO - Fetched 1 cycle successfully.
2025-04-10 02:44:55,007 - INFO - Incoming request to get /self-assessment-report endpoint by user.
2025-04-10 02:44:55,455 - INFO - Fetched 1 cycle successfully.
2025-04-10 02:46:50,453 - INFO - Incoming request to get /self-assessment-report endpoint by user.
2025-04-10 02:46:50,903 - INFO - Fetched 1 cycle successfully.
2025-04-10 02:46:56,753 - INFO - Incoming request to get /self-assessment-report endpoint by user.
2025-04-10 02:46:57,202 - ERROR - No responses found in the database.
2025-04-10 02:47:03,943 - INFO - Incoming request to get /self-assessment-report endpoint by user.
2025-04-10 02:47:04,692 - ERROR - No responses found in the database.
2025-04-10 02:47:08,976 - INFO - Incoming request to get /self-assessment-report endpoint by user.
2025-04-10 02:47:09,425 - ERROR - No responses found in the database.
2025-04-10 02:47:11,560 - INFO - Incoming request to get /self-assessment-report endpoint by user.
2025-04-10 02:47:12,013 - INFO - Fetched 1 cycle successfully.
2025-04-10 02:47:15,761 - INFO - Fetching appraisal cycles with stage names
2025-04-10 02:47:16,209 - INFO - Fetched 14 appraisal cycles
2025-04-10 02:47:16,435 - INFO - Fetching appraisal cycles with stage names
2025-04-10 02:47:16,883 - INFO - Fetched 14 appraisal cycles
2025-04-10 02:47:24,046 - INFO - Incoming request to /question endpoint by user.
2025-04-10 02:47:24,046 - INFO - Fetching all questions from the database.
2025-04-10 02:47:26,112 - INFO - Fetched 15 questions successfully.
2025-04-10 02:47:29,713 - INFO - Incoming request to /question endpoint by user.
2025-04-10 02:47:29,713 - INFO - Fetching all questions from the database.
2025-04-10 02:47:30,157 - INFO - Fetched 15 questions successfully.
2025-04-10 02:50:02,922 - INFO - Fetching appraisal cycles with stage names
2025-04-10 02:50:03,372 - INFO - Fetched 15 appraisal cycles
2025-04-10 02:50:03,599 - INFO - Fetching appraisal cycles with stage names
2025-04-10 02:50:04,058 - INFO - Fetched 15 appraisal cycles
2025-04-10 02:50:18,094 - INFO - Incoming request to /edit-appraisal-cycle endpoint by user.
2025-04-10 02:50:19,001 - INFO - Fetched 1 cycle successfully.
2025-04-10 02:50:19,225 - INFO - Incoming request to /edit-appraisal-cycle endpoint by user.
2025-04-10 02:50:20,131 - INFO - Fetched 1 cycle successfully.
2025-04-10 02:51:42,661 - INFO - Incoming request to /edit-appraisal-cycle endpoint by user.
2025-04-10 02:51:42,661 - INFO - Received request to update appraisal cycle: Final Check
2025-04-10 02:51:44,922 - INFO - Cycle with ID 66 updated successfully.
2025-04-10 02:52:07,588 - INFO - Incoming request to /edit-appraisal-cycle endpoint by user.
2025-04-10 02:52:07,588 - INFO - Received request to update appraisal cycle: Edit Check
2025-04-10 02:52:09,843 - INFO - Cycle with ID 66 updated successfully.
2025-04-10 02:52:18,023 - INFO - Fetching appraisal cycles with stage names
2025-04-10 02:52:18,474 - INFO - Fetched 15 appraisal cycles
2025-04-10 02:52:18,702 - INFO - Fetching appraisal cycles with stage names
2025-04-10 02:52:19,154 - INFO - Fetched 15 appraisal cycles
2025-04-10 02:52:25,509 - INFO - Incoming request to /question endpoint by user.
2025-04-10 02:52:25,509 - INFO - Fetching all questions from the database.
2025-04-10 02:52:25,958 - INFO - Fetched 15 questions successfully.
2025-04-10 02:52:29,585 - INFO - Incoming request to /question endpoint by user.
2025-04-10 02:52:29,585 - INFO - Fetching all questions from the database.
2025-04-10 02:52:30,033 - INFO - Fetched 15 questions successfully.
2025-04-10 02:53:41,252 - INFO - Incoming request to get /self-assessment-report endpoint by user.
2025-04-10 02:53:41,706 - INFO - Fetched 1 cycle successfully.
2025-04-10 02:55:42,669 - INFO - Incoming request to get /self-assessment-report endpoint by user.
2025-04-10 02:55:43,122 - INFO - Fetched 1 cycle successfully.
2025-04-10 02:55:49,271 - INFO - Incoming request to get /self-assessment-report endpoint by user.
2025-04-10 02:55:49,726 - INFO - Fetched 1 cycle successfully.
2025-04-10 02:55:53,302 - INFO - Incoming request to get /self-assessment-report endpoint by user.
2025-04-10 02:55:53,752 - ERROR - No responses found in the database.
2025-04-10 02:56:00,222 - INFO - Incoming request to get /self-assessment-report endpoint by user.
2025-04-10 02:56:00,678 - INFO - Fetched 1 cycle successfully.
2025-04-10 02:56:50,890 - INFO - Incoming request to get /self-assessment-report endpoint by user.
2025-04-10 02:56:51,343 - INFO - Fetched 1 cycle successfully.
2025-04-10 02:56:53,539 - INFO - Incoming request to get /self-assessment-report endpoint by user.
2025-04-10 02:56:54,009 - INFO - Fetched 1 cycle successfully.
2025-04-10 02:57:20,594 - INFO - Incoming request to get /self-assessment-report endpoint by user.
2025-04-10 02:57:21,045 - INFO - Fetched 1 cycle successfully.
2025-04-10 02:57:23,260 - INFO - Incoming request to get /self-assessment-report endpoint by user.
2025-04-10 02:57:23,715 - INFO - Fetched 1 cycle successfully.
2025-04-10 02:58:58,406 - INFO - Incoming request to get /self-assessment-report endpoint by user.
2025-04-10 02:58:58,869 - INFO - Fetched 1 cycle successfully.
2025-04-10 02:59:02,086 - INFO - Incoming request to get /self-assessment-report endpoint by user.
2025-04-10 02:59:02,543 - INFO - Fetched 1 cycle successfully.
2025-04-10 09:38:32,971 - INFO - FastAPI app has started.
2025-04-10 09:38:32,987 - INFO - FastAPI app is shutting down.
2025-04-10 09:39:01,716 - INFO - Fetching appraisal cycles with stage names
2025-04-10 09:39:02,206 - INFO - Fetched 15 appraisal cycles
2025-04-10 09:39:02,454 - INFO - Fetching appraisal cycles with stage names
2025-04-10 09:39:02,950 - INFO - Fetched 15 appraisal cycles
2025-04-10 09:41:54,844 - INFO - Incoming request to /question endpoint by user.
2025-04-10 09:41:54,863 - INFO - Fetching all questions from the database.
2025-04-10 09:41:57,155 - INFO - Fetched 15 questions successfully.
2025-04-10 09:42:01,333 - INFO - Incoming request to /question endpoint by user.
2025-04-10 09:42:01,333 - INFO - Fetching all questions from the database.
2025-04-10 09:42:01,818 - INFO - Fetched 15 questions successfully.
2025-04-10 09:42:27,578 - INFO - Incoming request to get /self-assessment-report endpoint by user.
2025-04-10 09:42:28,231 - INFO - Fetched 1 cycle successfully.
2025-04-10 09:46:36,747 - INFO - Fetching appraisal cycles with stage names
2025-04-10 09:46:37,296 - INFO - Fetched 15 appraisal cycles
2025-04-10 09:46:37,583 - INFO - Fetching appraisal cycles with stage names
2025-04-10 09:46:38,168 - INFO - Fetched 15 appraisal cycles
2025-04-10 09:47:15,232 - INFO - Incoming request to get /self-assessment-report endpoint by user.
2025-04-10 09:47:15,764 - INFO - Fetched 1 cycle successfully.
2025-04-10 09:48:46,453 - INFO - Fetching appraisal cycles with stage names
2025-04-10 09:48:47,100 - INFO - Fetched 15 appraisal cycles
2025-04-10 09:48:47,353 - INFO - Fetching appraisal cycles with stage names
2025-04-10 09:48:47,858 - INFO - Fetched 15 appraisal cycles
2025-04-10 09:48:49,389 - INFO - Fetching appraisal cycles with stage names
2025-04-10 09:48:50,512 - INFO - Fetched 15 appraisal cycles
2025-04-10 09:48:50,763 - INFO - Fetching appraisal cycles with stage names
2025-04-10 09:48:51,641 - INFO - Fetched 15 appraisal cycles
2025-04-10 09:50:43,419 - INFO - Fetching appraisal cycles with stage names
2025-04-10 09:50:43,997 - INFO - Fetched 15 appraisal cycles
2025-04-10 09:50:44,248 - INFO - Fetching appraisal cycles with stage names
2025-04-10 09:50:44,738 - INFO - Fetched 15 appraisal cycles
2025-04-10 09:50:47,327 - INFO - Incoming request to /edit-appraisal-cycle endpoint by user.
2025-04-10 09:50:48,381 - INFO - Fetched 1 cycle successfully.
2025-04-10 09:50:48,632 - INFO - Incoming request to /edit-appraisal-cycle endpoint by user.
2025-04-10 09:50:49,620 - INFO - Fetched 1 cycle successfully.
2025-04-10 09:53:37,521 - INFO - Fetching appraisal cycles with stage names
2025-04-10 09:53:38,031 - INFO - Fetched 15 appraisal cycles
2025-04-10 09:53:38,282 - INFO - Fetching appraisal cycles with stage names
2025-04-10 09:53:38,783 - INFO - Fetched 15 appraisal cycles
2025-04-10 09:55:06,910 - INFO - Incoming request to get /self-assessment-report endpoint by user.
2025-04-10 09:55:07,403 - ERROR - No responses found in the database.
2025-04-10 09:56:19,295 - INFO - Fetching appraisal cycles with stage names
2025-04-10 09:56:19,796 - INFO - Fetched 15 appraisal cycles
2025-04-10 09:56:20,046 - INFO - Fetching appraisal cycles with stage names
2025-04-10 09:56:20,541 - INFO - Fetched 15 appraisal cycles
2025-04-10 09:57:27,196 - INFO - Incoming request to /question endpoint by user.
2025-04-10 09:57:27,200 - INFO - Fetching all questions from the database.
2025-04-10 09:57:27,696 - INFO - Fetched 15 questions successfully.
2025-04-10 09:57:31,649 - INFO - Incoming request to /question endpoint by user.
2025-04-10 09:57:31,649 - INFO - Fetching all questions from the database.
2025-04-10 09:57:32,152 - INFO - Fetched 15 questions successfully.
2025-04-10 10:14:12,684 - INFO - Incoming request to /edit-appraisal-cycle endpoint by user.
2025-04-10 10:14:14,005 - INFO - Fetched 1 cycle successfully.
2025-04-10 10:14:14,368 - INFO - Incoming request to /edit-appraisal-cycle endpoint by user.
2025-04-10 10:14:15,534 - INFO - Fetched 1 cycle successfully.
2025-04-10 10:17:05,715 - INFO - Incoming request to /edit-appraisal-cycle endpoint by user.
2025-04-10 10:17:06,869 - INFO - Fetched 1 cycle successfully.
2025-04-10 10:17:32,322 - INFO - Incoming request to /edit-appraisal-cycle endpoint by user.
2025-04-10 10:17:33,308 - INFO - Fetched 1 cycle successfully.
2025-04-10 10:17:35,701 - INFO - Fetching appraisal cycles with stage names
2025-04-10 10:17:36,224 - INFO - Fetched 15 appraisal cycles
2025-04-10 10:17:36,479 - INFO - Fetching appraisal cycles with stage names
2025-04-10 10:17:36,993 - INFO - Fetched 15 appraisal cycles
2025-04-10 10:17:40,082 - INFO - Incoming request to /edit-appraisal-cycle endpoint by user.
2025-04-10 10:17:41,122 - INFO - Fetched 1 cycle successfully.
2025-04-10 10:17:41,375 - INFO - Incoming request to /edit-appraisal-cycle endpoint by user.
2025-04-10 10:17:42,377 - INFO - Fetched 1 cycle successfully.
2025-04-10 10:17:47,207 - INFO - Incoming request to /edit-appraisal-cycle endpoint by user.
2025-04-10 10:17:48,196 - INFO - Fetched 1 cycle successfully.
2025-04-10 10:18:52,931 - INFO - Fetching appraisal cycles with stage names
2025-04-10 10:18:53,434 - INFO - Fetched 15 appraisal cycles
2025-04-10 10:18:53,684 - INFO - Fetching appraisal cycles with stage names
2025-04-10 10:18:54,176 - INFO - Fetched 15 appraisal cycles
2025-04-10 10:19:05,490 - INFO - Incoming request to /question endpoint by user.
2025-04-10 10:19:05,494 - INFO - Fetching all questions from the database.
2025-04-10 10:19:05,993 - INFO - Fetched 15 questions successfully.
2025-04-10 10:19:10,083 - INFO - Incoming request to /question endpoint by user.
2025-04-10 10:19:10,083 - INFO - Fetching all questions from the database.
2025-04-10 10:19:10,569 - INFO - Fetched 15 questions successfully.
2025-04-10 10:20:14,214 - INFO - Incoming request to /edit-appraisal-cycle endpoint by user.
2025-04-10 10:20:15,205 - INFO - Fetched 1 cycle successfully.
2025-04-10 10:20:15,479 - INFO - Incoming request to /edit-appraisal-cycle endpoint by user.
2025-04-10 10:20:16,474 - INFO - Fetched 1 cycle successfully.
2025-04-10 10:20:24,705 - INFO - Incoming request to /edit-appraisal-cycle endpoint by user.
2025-04-10 10:20:24,705 - INFO - Received request to update appraisal cycle: Edit Check
2025-04-10 10:20:27,704 - INFO - Cycle with ID 66 updated successfully.
2025-04-10 10:20:32,914 - INFO - Fetching appraisal cycles with stage names
2025-04-10 10:20:33,510 - INFO - Fetched 15 appraisal cycles
2025-04-10 10:20:33,761 - INFO - Fetching appraisal cycles with stage names
2025-04-10 10:20:34,254 - INFO - Fetched 15 appraisal cycles
2025-04-10 10:20:40,510 - INFO - Incoming request to /question endpoint by user.
2025-04-10 10:20:40,511 - INFO - Fetching all questions from the database.
2025-04-10 10:20:40,998 - INFO - Fetched 15 questions successfully.
2025-04-10 10:20:45,083 - INFO - Incoming request to /question endpoint by user.
2025-04-10 10:20:45,084 - INFO - Fetching all questions from the database.
2025-04-10 10:20:45,600 - INFO - Fetched 15 questions successfully.
2025-04-10 10:22:39,161 - INFO - Incoming request to get /self-assessment-report endpoint by user.
2025-04-10 10:22:39,672 - ERROR - No responses found in the database.
2025-04-10 10:23:10,578 - INFO - Incoming request to get /self-assessment-report endpoint by user.
2025-04-10 10:23:11,123 - ERROR - No responses found in the database.
2025-04-10 10:23:14,427 - INFO - Incoming request to get /self-assessment-report endpoint by user.
2025-04-10 10:23:14,944 - ERROR - No responses found in the database.
2025-04-10 10:23:18,329 - INFO - Incoming request to get /self-assessment-report endpoint by user.
2025-04-10 10:23:18,888 - ERROR - No responses found in the database.
2025-04-10 10:23:21,119 - INFO - Incoming request to get /self-assessment-report endpoint by user.
2025-04-10 10:23:21,606 - ERROR - No responses found in the database.
2025-04-10 10:23:23,926 - INFO - Incoming request to get /self-assessment-report endpoint by user.
2025-04-10 10:23:24,438 - INFO - Fetched 1 cycle successfully.
2025-04-10 10:23:29,362 - INFO - Incoming request to get /self-assessment-report endpoint by user.
2025-04-10 10:23:29,859 - ERROR - No responses found in the database.
2025-04-10 10:23:45,423 - INFO - Fetching appraisal cycles with stage names
2025-04-10 10:23:45,944 - INFO - Fetched 15 appraisal cycles
2025-04-10 10:23:46,193 - INFO - Fetching appraisal cycles with stage names
2025-04-10 10:23:46,675 - INFO - Fetched 15 appraisal cycles
2025-04-10 10:23:55,456 - INFO - Incoming request to /edit-appraisal-cycle endpoint by user.
2025-04-10 10:23:56,431 - INFO - Fetched 1 cycle successfully.
2025-04-10 10:23:56,708 - INFO - Incoming request to /edit-appraisal-cycle endpoint by user.
2025-04-10 10:23:57,778 - INFO - Fetched 1 cycle successfully.
2025-04-10 10:24:21,375 - INFO - Fetching appraisal cycles with stage names
2025-04-10 10:24:21,889 - INFO - Fetched 15 appraisal cycles
2025-04-10 10:24:22,138 - INFO - Fetching appraisal cycles with stage names
2025-04-10 10:24:22,621 - INFO - Fetched 15 appraisal cycles
2025-04-10 10:24:51,401 - INFO - Incoming request to /edit-appraisal-cycle endpoint by user.
2025-04-10 10:24:52,393 - INFO - Fetched 1 cycle successfully.
2025-04-10 10:24:52,642 - INFO - Incoming request to /edit-appraisal-cycle endpoint by user.
2025-04-10 10:24:53,614 - INFO - Fetched 1 cycle successfully.
2025-04-10 10:25:29,147 - INFO - Fetching appraisal cycles with stage names
2025-04-10 10:25:29,657 - INFO - Fetched 15 appraisal cycles
2025-04-10 10:25:29,908 - INFO - Fetching appraisal cycles with stage names
2025-04-10 10:25:30,394 - INFO - Fetched 15 appraisal cycles
2025-04-10 10:25:37,729 - INFO - Incoming request to /edit-appraisal-cycle endpoint by user.
2025-04-10 10:25:39,114 - INFO - Incoming request to /edit-appraisal-cycle endpoint by user.
2025-04-10 10:25:55,288 - INFO - Incoming request to /edit-appraisal-cycle endpoint by user.
2025-04-10 10:25:59,407 - INFO - Fetching appraisal cycles with stage names
2025-04-10 10:25:59,905 - INFO - Fetched 15 appraisal cycles
2025-04-10 10:26:00,158 - INFO - Fetching appraisal cycles with stage names
2025-04-10 10:26:00,650 - INFO - Fetched 15 appraisal cycles
2025-04-10 10:26:03,816 - INFO - Incoming request to /question endpoint by user.
2025-04-10 10:26:03,816 - INFO - Fetching all questions from the database.
2025-04-10 10:26:04,330 - INFO - Fetched 15 questions successfully.
2025-04-10 10:26:08,613 - INFO - Incoming request to /question endpoint by user.
2025-04-10 10:26:08,613 - INFO - Fetching all questions from the database.
2025-04-10 10:26:09,113 - INFO - Fetched 15 questions successfully.
2025-04-10 10:26:12,309 - INFO - Incoming request to /edit-appraisal-cycle endpoint by user.
2025-04-10 10:26:13,549 - INFO - Incoming request to /edit-appraisal-cycle endpoint by user.
2025-04-10 10:26:29,205 - INFO - Fetching appraisal cycles with stage names
2025-04-10 10:26:29,723 - INFO - Fetched 15 appraisal cycles
2025-04-10 10:26:29,980 - INFO - Fetching appraisal cycles with stage names
2025-04-10 10:26:30,472 - INFO - Fetched 15 appraisal cycles
2025-04-10 10:26:39,105 - INFO - Incoming request to /edit-appraisal-cycle endpoint by user.
2025-04-10 10:26:40,350 - INFO - Incoming request to /edit-appraisal-cycle endpoint by user.
2025-04-10 10:26:55,683 - INFO - Fetching appraisal cycles with stage names
2025-04-10 10:26:56,290 - INFO - Fetched 15 appraisal cycles
2025-04-10 10:26:56,541 - INFO - Fetching appraisal cycles with stage names
2025-04-10 10:26:57,028 - INFO - Fetched 15 appraisal cycles
2025-04-10 10:27:00,218 - INFO - Incoming request to /edit-appraisal-cycle endpoint by user.
2025-04-10 10:27:01,221 - INFO - Fetched 1 cycle successfully.
2025-04-10 10:27:01,472 - INFO - Incoming request to /edit-appraisal-cycle endpoint by user.
2025-04-10 10:27:02,473 - INFO - Fetched 1 cycle successfully.
2025-04-10 10:27:33,607 - INFO - Incoming request to /edit-appraisal-cycle endpoint by user.
2025-04-10 10:27:33,607 - INFO - Received request to update appraisal cycle: Quarterly Performance Review - Q1
2025-04-10 10:27:36,196 - INFO - Cycle with ID 3 updated successfully.
2025-04-10 10:27:48,483 - INFO - Fetching appraisal cycles with stage names
2025-04-10 10:27:48,979 - INFO - Fetched 15 appraisal cycles
2025-04-10 10:27:49,237 - INFO - Fetching appraisal cycles with stage names
2025-04-10 10:27:49,726 - INFO - Fetched 15 appraisal cycles
2025-04-10 10:28:05,525 - INFO - Incoming request to get /self-assessment-report endpoint by user.
2025-04-10 10:28:06,048 - ERROR - No responses found in the database.
2025-04-10 10:28:21,385 - INFO - Incoming request to get /self-assessment-report endpoint by user.
2025-04-10 10:28:21,888 - ERROR - No responses found in the database.
2025-04-10 10:28:24,942 - INFO - Incoming request to get /self-assessment-report endpoint by user.
2025-04-10 10:28:25,459 - INFO - Fetched 1 cycle successfully.
2025-04-10 10:31:30,079 - INFO - Fetching appraisal cycles with stage names
2025-04-10 10:31:30,623 - INFO - Fetched 15 appraisal cycles
2025-04-10 10:31:30,913 - INFO - Fetching appraisal cycles with stage names
2025-04-10 10:31:31,466 - INFO - Fetched 15 appraisal cycles
2025-04-10 10:33:17,269 - INFO - FastAPI app has started.
2025-04-10 10:33:17,303 - INFO - FastAPI app is shutting down.
2025-04-10 10:33:17,335 - INFO - Incoming request to /edit-appraisal-cycle endpoint by user.
2025-04-10 10:33:17,335 - INFO - Fetching appraisal cycles with stage names
2025-04-10 10:33:17,335 - INFO - Fetching appraisal cycles with stage names
2025-04-10 10:33:17,335 - INFO - Incoming request to /edit-appraisal-cycle endpoint by user.
2025-04-10 10:33:17,367 - INFO - Fetching appraisal cycles with stage names
2025-04-10 10:33:17,370 - INFO - Fetching appraisal cycles with stage names
2025-04-10 10:33:22,195 - INFO - Fetched 15 appraisal cycles
2025-04-10 10:33:22,197 - INFO - Fetched 15 appraisal cycles
2025-04-10 10:33:22,199 - INFO - Fetched 15 appraisal cycles
2025-04-10 10:33:22,201 - INFO - Fetched 15 appraisal cycles
2025-04-10 10:33:22,732 - INFO - Fetched 1 cycle successfully.
2025-04-10 10:33:22,734 - INFO - Fetched 1 cycle successfully.
2025-04-10 10:33:29,368 - INFO - Incoming request to /edit-appraisal-cycle endpoint by user.
2025-04-10 10:33:30,341 - INFO - Fetched 1 cycle successfully.
2025-04-10 10:33:30,715 - INFO - Incoming request to /edit-appraisal-cycle endpoint by user.
2025-04-10 10:33:31,705 - INFO - Fetched 1 cycle successfully.
2025-04-10 10:34:01,794 - INFO - Fetching appraisal cycles with stage names
2025-04-10 10:34:02,406 - INFO - Fetched 15 appraisal cycles
2025-04-10 10:34:02,662 - INFO - Fetching appraisal cycles with stage names
2025-04-10 10:34:03,160 - INFO - Fetched 15 appraisal cycles
2025-04-10 10:34:36,273 - INFO - Incoming request to /question endpoint by user.
2025-04-10 10:34:36,275 - INFO - Fetching all questions from the database.
2025-04-10 10:34:36,768 - INFO - Fetched 15 questions successfully.
2025-04-10 10:34:40,730 - INFO - Incoming request to /question endpoint by user.
2025-04-10 10:34:40,730 - INFO - Fetching all questions from the database.
2025-04-10 10:34:41,240 - INFO - Fetched 15 questions successfully.
2025-04-10 10:34:48,077 - INFO - Incoming request to get /self-assessment-report endpoint by user.
2025-04-10 10:34:48,641 - ERROR - No responses found in the database.
2025-04-10 10:34:56,148 - INFO - Incoming request to get /self-assessment-report endpoint by user.
2025-04-10 10:34:56,645 - INFO - Fetched 1 cycle successfully.
2025-04-10 10:35:10,343 - INFO - Fetching appraisal cycles with stage names
2025-04-10 10:35:10,845 - INFO - Fetched 15 appraisal cycles
2025-04-10 10:35:11,099 - INFO - Fetching appraisal cycles with stage names
2025-04-10 10:35:11,615 - INFO - Fetched 15 appraisal cycles
2025-04-10 10:35:26,038 - INFO - Incoming request to /edit-appraisal-cycle endpoint by user.
2025-04-10 10:35:27,084 - INFO - Fetched 1 cycle successfully.
2025-04-10 10:35:27,343 - INFO - Incoming request to /edit-appraisal-cycle endpoint by user.
2025-04-10 10:35:28,334 - INFO - Fetched 1 cycle successfully.
2025-04-10 10:36:10,360 - INFO - Incoming request to /edit-appraisal-cycle endpoint by user.
2025-04-10 10:36:10,360 - INFO - Received request to update appraisal cycle: Monsoon appraisal cycle 2
2025-04-10 10:36:12,948 - INFO - Cycle with ID 62 updated successfully.
2025-04-10 10:36:16,434 - INFO - Fetching appraisal cycles with stage names
2025-04-10 10:36:16,961 - INFO - Fetched 15 appraisal cycles
2025-04-10 10:36:17,228 - INFO - Fetching appraisal cycles with stage names
2025-04-10 10:36:17,756 - INFO - Fetched 15 appraisal cycles
2025-04-10 10:41:22,923 - INFO - Incoming request to get /self-assessment-report endpoint by user.
2025-04-10 10:41:23,541 - INFO - Fetched 1 cycle successfully.
2025-04-10 10:48:51,595 - INFO - Fetching appraisal cycles with stage names
2025-04-10 10:48:52,180 - INFO - Fetched 15 appraisal cycles
2025-04-10 10:48:52,512 - INFO - Fetching appraisal cycles with stage names
2025-04-10 10:48:53,089 - INFO - Fetched 15 appraisal cycles
2025-04-10 10:48:56,536 - INFO - Incoming request to /question endpoint by user.
2025-04-10 10:48:56,541 - INFO - Fetching all questions from the database.
2025-04-10 10:48:57,068 - INFO - Fetched 15 questions successfully.
2025-04-10 10:49:01,098 - INFO - Incoming request to /question endpoint by user.
2025-04-10 10:49:01,098 - INFO - Fetching all questions from the database.
2025-04-10 10:49:01,624 - INFO - Fetched 15 questions successfully.
2025-04-10 10:52:47,037 - INFO - Incoming request to get /self-assessment-report endpoint by user.
2025-04-10 10:52:47,565 - INFO - Fetched 1 cycle successfully.
2025-04-10 10:53:34,680 - INFO - Fetching appraisal cycles with stage names
2025-04-10 10:53:35,290 - INFO - Fetched 15 appraisal cycles
2025-04-10 10:53:35,546 - INFO - Fetching appraisal cycles with stage names
2025-04-10 10:53:36,048 - INFO - Fetched 15 appraisal cycles
2025-04-10 10:53:41,131 - INFO - Incoming request to /edit-appraisal-cycle endpoint by user.
2025-04-10 10:53:42,128 - INFO - Fetched 1 cycle successfully.
2025-04-10 10:53:42,379 - INFO - Incoming request to /edit-appraisal-cycle endpoint by user.
2025-04-10 10:53:43,368 - INFO - Fetched 1 cycle successfully.
2025-04-10 10:53:48,130 - INFO - Incoming request to /edit-appraisal-cycle endpoint by user.
2025-04-10 10:53:48,130 - INFO - Received request to update appraisal cycle: Edit Check
2025-04-10 10:53:50,847 - INFO - Cycle with ID 66 updated successfully.
2025-04-10 10:53:55,079 - INFO - Fetching appraisal cycles with stage names
2025-04-10 10:53:55,589 - INFO - Fetched 15 appraisal cycles
2025-04-10 10:53:55,842 - INFO - Fetching appraisal cycles with stage names
2025-04-10 10:53:56,332 - INFO - Fetched 15 appraisal cycles
2025-04-10 10:55:29,506 - INFO - Incoming request to get /self-assessment-report endpoint by user.
2025-04-10 10:55:30,001 - INFO - Fetched 1 cycle successfully.
2025-04-10 11:13:43,605 - INFO - FastAPI app has started.
2025-04-10 11:13:43,631 - INFO - FastAPI app is shutting down.
2025-04-10 11:26:52,481 - INFO - Fetching appraisal cycles with stage names
2025-04-10 11:26:53,002 - INFO - Fetched 15 appraisal cycles
2025-04-10 11:26:53,258 - INFO - Fetching appraisal cycles with stage names
2025-04-10 11:26:53,991 - INFO - Fetched 15 appraisal cycles
2025-04-10 11:31:21,652 - INFO - Incoming request to get /self-assessment-report endpoint by user.
2025-04-10 11:31:22,817 - INFO - Fetched 1 cycle successfully.
2025-04-10 11:58:38,345 - INFO - Incoming request to get /self-assessment-report endpoint by user.
2025-04-10 11:58:38,848 - INFO - Fetched 1 cycle successfully.
2025-04-10 12:08:15,852 - INFO - Incoming request to get /self-assessment-report endpoint by user.
2025-04-10 12:08:16,376 - INFO - Fetched 1 cycle successfully.
2025-04-10 12:08:18,343 - INFO - Incoming request to get /self-assessment-report endpoint by user.
2025-04-10 12:08:18,811 - INFO - Fetched 1 cycle successfully.
2025-04-10 12:08:25,862 - INFO - Fetching appraisal cycles with stage names
2025-04-10 12:08:26,407 - INFO - Fetched 15 appraisal cycles
2025-04-10 12:08:26,658 - INFO - Fetching appraisal cycles with stage names
2025-04-10 12:08:27,120 - INFO - Fetched 15 appraisal cycles
2025-04-10 12:09:06,841 - INFO - Fetching appraisal cycles with stage names
2025-04-10 12:09:07,381 - INFO - Fetched 15 appraisal cycles
2025-04-10 12:09:07,622 - INFO - Fetching appraisal cycles with stage names
2025-04-10 12:09:08,087 - INFO - Fetched 15 appraisal cycles
2025-04-10 12:24:09,430 - INFO - Incoming request to get /self-assessment-report endpoint by user.
2025-04-10 12:24:10,033 - INFO - Fetched 1 cycle successfully.
2025-04-10 12:24:13,085 - INFO - FastAPI app has started.
2025-04-10 12:24:13,115 - INFO - FastAPI app is shutting down.
2025-04-10 12:32:37,665 - INFO - Incoming request to get /self-assessment-report endpoint by user.
2025-04-10 12:32:43,055 - INFO - Fetched 1 cycle successfully.
2025-04-10 12:33:04,775 - INFO - Incoming request to get /self-assessment-report endpoint by user.
2025-04-10 12:33:05,295 - INFO - Fetched 1 cycle successfully.
2025-04-10 12:35:27,332 - INFO - Incoming request to get /self-assessment-report endpoint by user.
2025-04-10 12:35:27,835 - INFO - Fetched 1 cycle successfully.
2025-04-10 12:37:10,815 - INFO - Incoming request to get /self-assessment-report endpoint by user.
2025-04-10 12:37:11,339 - INFO - Fetched 1 cycle successfully.
2025-04-10 12:43:13,652 - INFO - Incoming request to get /self-assessment-report endpoint by user.
2025-04-10 12:43:14,176 - INFO - Fetched 1 cycle successfully.
2025-04-10 12:55:57,280 - INFO - Fetching appraisal cycles with stage names
2025-04-10 12:55:58,070 - INFO - Fetched 15 appraisal cycles
2025-04-10 12:55:58,344 - INFO - Fetching appraisal cycles with stage names
2025-04-10 12:55:58,956 - INFO - Fetched 15 appraisal cycles
2025-04-10 12:56:04,646 - INFO - Incoming request to /edit-appraisal-cycle endpoint by user.
2025-04-10 12:56:05,766 - INFO - Fetched 1 cycle successfully.
2025-04-10 12:56:06,032 - INFO - Incoming request to /edit-appraisal-cycle endpoint by user.
2025-04-10 12:56:07,022 - INFO - Fetched 1 cycle successfully.
2025-04-10 12:56:25,566 - INFO - Incoming request to /edit-appraisal-cycle endpoint by user.
2025-04-10 12:56:25,566 - INFO - Received request to update appraisal cycle: Winter appraisal cycle
2025-04-10 12:56:28,490 - INFO - Cycle with ID 59 updated successfully.
2025-04-10 12:57:11,332 - INFO - Fetching appraisal cycles with stage names
2025-04-10 12:57:11,836 - INFO - Fetched 15 appraisal cycles
2025-04-10 12:57:12,089 - INFO - Fetching appraisal cycles with stage names
2025-04-10 12:57:12,658 - INFO - Fetched 15 appraisal cycles
2025-04-10 13:02:11,286 - INFO - Incoming request to get /self-assessment-report endpoint by user.
2025-04-10 13:02:11,832 - INFO - Fetched 1 cycle successfully.
2025-04-10 13:02:56,789 - INFO - Fetching appraisal cycles with stage names
2025-04-10 13:02:57,412 - INFO - Fetched 15 appraisal cycles
2025-04-10 13:02:57,668 - INFO - Fetching appraisal cycles with stage names
2025-04-10 13:02:58,178 - INFO - Fetched 15 appraisal cycles
2025-04-10 13:03:06,202 - INFO - Incoming request to get /self-assessment-report endpoint by user.
2025-04-10 13:03:06,837 - INFO - Fetched 1 cycle successfully.
2025-04-10 13:12:48,060 - INFO - Incoming request to get /self-assessment-report endpoint by user.
2025-04-10 13:12:48,759 - INFO - Fetched 1 cycle successfully.
2025-04-10 13:13:04,129 - INFO - Incoming request to get /self-assessment-report endpoint by user.
2025-04-10 13:13:04,687 - INFO - Fetched 1 cycle successfully.
2025-04-10 13:13:38,381 - INFO - Incoming request to get /self-assessment-report endpoint by user.
2025-04-10 13:13:38,900 - ERROR - No responses found in the database.
2025-04-10 13:13:50,579 - INFO - Incoming request to get /self-assessment-report endpoint by user.
2025-04-10 13:13:51,094 - INFO - Fetched 1 cycle successfully.
2025-04-10 13:15:24,055 - INFO - Fetching appraisal cycles with stage names
2025-04-10 13:15:24,971 - INFO - Fetched 16 appraisal cycles
2025-04-10 13:15:25,266 - INFO - Fetching appraisal cycles with stage names
2025-04-10 13:15:25,778 - INFO - Fetched 16 appraisal cycles
2025-04-10 13:23:42,157 - INFO - Incoming request to get /self-assessment-report endpoint by user.
2025-04-10 13:23:42,679 - INFO - Fetched 1 cycle successfully.
2025-04-10 13:32:13,326 - INFO - Incoming request to get /self-assessment-report endpoint by user.
2025-04-10 13:32:19,909 - INFO - Incoming request to get /self-assessment-report endpoint by user.
2025-04-10 13:32:22,197 - ERROR - No responses found in the database.
2025-04-10 13:32:26,476 - INFO - Fetching appraisal cycles with stage names
2025-04-10 13:32:28,828 - INFO - Fetched 19 appraisal cycles
2025-04-10 13:32:29,091 - INFO - Fetching appraisal cycles with stage names
2025-04-10 13:32:29,579 - INFO - Fetched 19 appraisal cycles
2025-04-10 13:32:34,256 - INFO - Incoming request to get /self-assessment-report endpoint by user.
2025-04-10 13:32:34,756 - ERROR - No responses found in the database.
2025-04-10 13:33:13,711 - INFO - Incoming request to get /self-assessment-report endpoint by user.
2025-04-10 13:33:14,254 - ERROR - No responses found in the database.
2025-04-10 13:33:19,455 - INFO - Incoming request to get /self-assessment-report endpoint by user.
2025-04-10 13:33:20,012 - INFO - Fetched 1 cycle successfully.
2025-04-10 13:33:26,765 - INFO - Incoming request to get /self-assessment-report endpoint by user.
2025-04-10 13:33:27,495 - INFO - Fetched 1 cycle successfully.
2025-04-10 13:33:35,608 - INFO - Incoming request to get /self-assessment-report endpoint by user.
2025-04-10 13:33:36,120 - ERROR - No responses found in the database.
2025-04-10 13:33:43,878 - INFO - Incoming request to get /self-assessment-report endpoint by user.
2025-04-10 13:33:44,387 - ERROR - No responses found in the database.
2025-04-10 13:34:21,930 - INFO - Incoming request to get /self-assessment-report endpoint by user.
2025-04-10 13:34:22,428 - INFO - Fetched 1 cycle successfully.
2025-04-10 13:37:41,125 - INFO - Fetching appraisal cycles with stage names
2025-04-10 13:37:41,658 - INFO - Fetched 20 appraisal cycles
2025-04-10 13:37:41,912 - INFO - Fetching appraisal cycles with stage names
2025-04-10 13:37:42,397 - INFO - Fetched 20 appraisal cycles
2025-04-10 13:38:07,129 - INFO - Incoming request to get /self-assessment-report endpoint by user.
2025-04-10 13:38:07,633 - INFO - Fetched 1 cycle successfully.
2025-04-10 13:38:15,861 - INFO - Incoming request to get /self-assessment-report endpoint by user.
2025-04-10 13:38:16,358 - INFO - Fetched 1 cycle successfully.
2025-04-10 13:46:42,780 - INFO - Fetching appraisal cycles with stage names
2025-04-10 13:46:42,791 - INFO - Fetching appraisal cycles with stage names
2025-04-10 13:46:45,197 - INFO - Fetched 20 appraisal cycles
2025-04-10 13:46:45,447 - INFO - Fetching appraisal cycles with stage names
2025-04-10 13:46:48,035 - INFO - Fetched 20 appraisal cycles
2025-04-10 13:46:55,154 - INFO - Incoming request to /question endpoint by user.
2025-04-10 13:46:55,154 - INFO - Fetching all questions from the database.
2025-04-10 13:46:55,709 - INFO - Fetched 15 questions successfully.
2025-04-10 13:46:59,771 - INFO - Incoming request to /question endpoint by user.
2025-04-10 13:46:59,771 - INFO - Fetching all questions from the database.
2025-04-10 13:47:00,273 - INFO - Fetched 15 questions successfully.
2025-04-10 13:47:12,423 - INFO - Fetching appraisal cycles with stage names
2025-04-10 13:47:12,933 - INFO - Fetched 20 appraisal cycles
2025-04-10 13:47:13,180 - INFO - Fetching appraisal cycles with stage names
2025-04-10 13:47:13,689 - INFO - Fetched 20 appraisal cycles
2025-04-10 13:51:48,157 - INFO - Fetching appraisal cycles with stage names
2025-04-10 13:51:48,715 - INFO - Fetched 20 appraisal cycles
2025-04-10 13:51:48,986 - INFO - Fetching appraisal cycles with stage names
2025-04-10 13:51:49,611 - INFO - Fetched 20 appraisal cycles
2025-04-10 13:52:14,655 - INFO - Incoming request to get /self-assessment-report endpoint by user.
2025-04-10 13:52:15,177 - INFO - Fetched 1 cycle successfully.
2025-04-10 13:52:56,789 - INFO - Fetching appraisal cycles with stage names
2025-04-10 13:52:57,411 - INFO - Fetched 20 appraisal cycles
2025-04-10 13:52:57,666 - INFO - Fetching appraisal cycles with stage names
2025-04-10 13:52:58,149 - INFO - Fetched 20 appraisal cycles
2025-04-10 13:57:35,418 - INFO - Fetching appraisal cycles with stage names
2025-04-10 13:57:35,905 - INFO - Fetched 20 appraisal cycles
2025-04-10 13:57:36,150 - INFO - Fetching appraisal cycles with stage names
2025-04-10 13:57:36,661 - INFO - Fetched 20 appraisal cycles
2025-04-10 13:59:05,396 - INFO - Fetching appraisal cycles with stage names
2025-04-10 13:59:05,908 - INFO - Fetched 20 appraisal cycles
2025-04-10 13:59:06,156 - INFO - Fetching appraisal cycles with stage names
2025-04-10 13:59:06,673 - INFO - Fetched 20 appraisal cycles
2025-04-10 14:00:55,303 - INFO - Incoming request to get /self-assessment-report endpoint by user.
2025-04-10 14:00:55,816 - INFO - Fetched 1 cycle successfully.
2025-04-10 14:01:01,916 - INFO - Fetching appraisal cycles with stage names
2025-04-10 14:01:02,443 - INFO - Fetched 20 appraisal cycles
2025-04-10 14:01:02,704 - INFO - Fetching appraisal cycles with stage names
2025-04-10 14:01:03,539 - INFO - Fetched 20 appraisal cycles
2025-04-10 14:03:32,287 - INFO - Incoming request to get /self-assessment-report endpoint by user.
2025-04-10 14:03:32,803 - INFO - Fetched 1 cycle successfully.
2025-04-10 14:03:37,728 - INFO - Incoming request to get /self-assessment-report endpoint by user.
2025-04-10 14:03:38,368 - INFO - Fetched 1 cycle successfully.
2025-04-10 14:04:50,307 - INFO - Incoming request to get /self-assessment-report endpoint by user.
2025-04-10 14:04:50,802 - INFO - Fetched 1 cycle successfully.
2025-04-10 14:04:55,261 - INFO - Fetching appraisal cycles with stage names
2025-04-10 14:04:55,990 - INFO - Fetched 20 appraisal cycles
2025-04-10 14:04:56,253 - INFO - Fetching appraisal cycles with stage names
2025-04-10 14:04:56,820 - INFO - Fetched 20 appraisal cycles
2025-04-10 14:10:05,928 - INFO - Incoming request to get /self-assessment-report endpoint by user.
2025-04-10 14:10:06,447 - INFO - Fetched 1 cycle successfully.
2025-04-10 14:10:09,686 - INFO - Incoming request to get /self-assessment-report endpoint by user.
2025-04-10 14:10:10,205 - INFO - Fetched 1 cycle successfully.
2025-04-10 14:10:19,231 - INFO - Incoming request to get /self-assessment-report endpoint by user.
2025-04-10 14:10:19,737 - INFO - Fetched 1 cycle successfully.
2025-04-10 14:10:23,296 - INFO - Incoming request to get /self-assessment-report endpoint by user.
2025-04-10 14:10:23,827 - ERROR - No responses found in the database.
2025-04-10 14:10:32,263 - INFO - Incoming request to get /self-assessment-report endpoint by user.
2025-04-10 14:10:32,768 - ERROR - No responses found in the database.
2025-04-10 14:10:36,374 - INFO - Fetching appraisal cycles with stage names
2025-04-10 14:10:36,912 - INFO - Fetched 20 appraisal cycles
2025-04-10 14:10:37,174 - INFO - Fetching appraisal cycles with stage names
2025-04-10 14:10:37,768 - INFO - Fetched 20 appraisal cycles
2025-04-10 14:11:21,954 - INFO - Incoming request to get /self-assessment-report endpoint by user.
2025-04-10 14:11:22,448 - ERROR - No responses found in the database.
2025-04-10 14:11:30,704 - INFO - Incoming request to get /self-assessment-report endpoint by user.
2025-04-10 14:11:31,344 - ERROR - No responses found in the database.
2025-04-10 14:11:38,162 - INFO - Incoming request to get /self-assessment-report endpoint by user.
2025-04-10 14:11:38,661 - INFO - Fetched 1 cycle successfully.
2025-04-10 14:11:58,678 - INFO - Fetching appraisal cycles with stage names
2025-04-10 14:11:59,310 - INFO - Fetched 20 appraisal cycles
2025-04-10 14:11:59,583 - INFO - Fetching appraisal cycles with stage names
2025-04-10 14:12:00,149 - INFO - Fetched 20 appraisal cycles
2025-04-10 15:21:50,985 - INFO - FastAPI app has started.
2025-04-10 15:21:50,999 - INFO - FastAPI app is shutting down.
